
Name of HDF file to be read:
< CER_SYN1deg-3Hour_Sample_R5V1

Name of 5-zone 5-region SYN1deg-3Hour HDF file:
< CER_SYN1deg-3Hour_Sample_R5V1



*********************************************************
*        Start Example 1   (2 dimensional data)         *
*********************************************************
 SDS name: "Region number" 
Rank: "2" 
type: "5" 
sds_dims[0]: "5" 
sds_dims[1]: "5" 
sds_strt[0]: "0" 
sds_strt[1]: "0" 
sds_incr[0]: "1" 
sds_incr[1]: "1" 
sds_edge[0]: "5" 
sds_edge[1]: "5" 


*********************************************************
*  Example 1:   ( ONLY PRINTING MAX OF 5 PER ZONE)      *
*********************************************************

Region number for Zone 1

   Longitude Region (1)[1] = 30298.000000
   Longitude Region (2)[2] = 30299.000000
   Longitude Region (3)[3] = 30300.000000
   Longitude Region (4)[4] = 30301.000000
   Longitude Region (5)[5] = 30302.000000

Region number for Zone 2

   Longitude Region (1)[6] = 30658.000000
   Longitude Region (2)[7] = 30659.000000
   Longitude Region (3)[8] = 30660.000000
   Longitude Region (4)[9] = 30661.000000
   Longitude Region (5)[10] = 30662.000000

Region number for Zone 3

   Longitude Region (1)[11] = 31018.000000
   Longitude Region (2)[12] = 31019.000000
   Longitude Region (3)[13] = 31020.000000
   Longitude Region (4)[14] = 31021.000000
   Longitude Region (5)[15] = 31022.000000

Region number for Zone 4

   Longitude Region (1)[16] = 31378.000000
   Longitude Region (2)[17] = 31379.000000
   Longitude Region (3)[18] = 31380.000000
   Longitude Region (4)[19] = 31381.000000
   Longitude Region (5)[20] = 31382.000000

Region number for Zone 5

   Longitude Region (1)[21] = 31738.000000
   Longitude Region (2)[22] = 31739.000000
   Longitude Region (3)[23] = 31740.000000
   Longitude Region (4)[24] = 31741.000000
   Longitude Region (5)[25] = 31742.000000




*********************************************************
*              Start Example 2  (3 Dimensional data)    *
*********************************************************
 SDS: "LW TOA Total-Sky" 
Rank: "3" 
type: "5" 
sds_dims[0]: "8" 
sds_dims[1]: "5" 
sds_dims[2]: "5" 


************************************************************
*  Example 2:   ( ONLY PRINTING MAX OF 2 PER DIMENSION)    *
************************************************************

LW TOA Total-Sky for Synoptic Hour =  1


LW TOA Total-Sky for Zone 1
      Longitude Region (1)[1] = 250.547653
      Longitude Region (2)[2] = 224.987305


LW TOA Total-Sky for Zone 2
      Longitude Region (1)[6] = 247.754898
      Longitude Region (2)[7] = 195.135696


LW TOA Total-Sky for Synoptic Hour =  2


LW TOA Total-Sky for Zone 1
      Longitude Region (1)[26] = 217.441483
      Longitude Region (2)[27] = 173.587173


LW TOA Total-Sky for Zone 2
      Longitude Region (1)[31] = 223.424255
      Longitude Region (2)[32] = 170.144516





*********************************************************
*            Start Example 3  (4 dimensional data)      *
*********************************************************
 SDS: "Tuned Total-Sky LW Up" 
Rank: "4" 
type: "5" 
sds_dims[0]: "5" 
sds_dims[1]: "8" 
sds_dims[2]: "5" 
sds_dims[3]: "5" 



************************************************************
*  Example 3:   ( ONLY PRINTING MAX OF 2 PER DIMENSION)    *
************************************************************

Tuned Total-Sky LW Up Level     =  1  


Tuned Total-Sky LW Up for Synoptic hour 1


Tuned Total-Sky LW Up for Zone 1
      Longitude Region (1)[1] = 236.173996
      Longitude Region (2)[2] = 224.205078


Tuned Total-Sky LW Up for Zone 2
      Longitude Region (1)[6] = 253.758865
      Longitude Region (2)[7] = 193.316162


Tuned Total-Sky LW Up for Synoptic hour 2


Tuned Total-Sky LW Up for Zone 1
      Longitude Region (1)[26] = 203.450027
      Longitude Region (2)[27] = 179.456177


Tuned Total-Sky LW Up for Zone 2
      Longitude Region (1)[31] = 230.946121
      Longitude Region (2)[32] = 168.947403


Tuned Total-Sky LW Up Level     =  2  


Tuned Total-Sky LW Up for Synoptic hour 1


Tuned Total-Sky LW Up for Zone 1
      Longitude Region (1)[201] = 235.354614
      Longitude Region (2)[202] = 222.836716


Tuned Total-Sky LW Up for Zone 2
      Longitude Region (1)[206] = 253.429810
      Longitude Region (2)[207] = 190.914688


Tuned Total-Sky LW Up for Synoptic hour 2


Tuned Total-Sky LW Up for Zone 1
      Longitude Region (1)[226] = 201.591309
      Longitude Region (2)[227] = 176.856323


Tuned Total-Sky LW Up for Zone 2
      Longitude Region (1)[231] = 229.838257
      Longitude Region (2)[232] = 166.008499
